Reading netlist file: "D:\shen\3-code\ichip-code\final\Linux_Terminal_Code\impl\gwsynthesis\Linux_terminal.vg"
Parsing netlist file "D:\shen\3-code\ichip-code\final\Linux_Terminal_Code\impl\gwsynthesis\Linux_terminal.vg" completed
Processing netlist completed
Reading constraint file: "D:\shen\3-code\ichip-code\final\Linux_Terminal_Code\src\pins.cst"
Physical Constraint parsed completed
Running placement......
[10%] Placement Phase 0 completed
[20%] Placement Phase 1 completed
[30%] Placement Phase 2 completed
[50%] Placement Phase 3 completed
Running routing......
[60%] Routing Phase 0 completed
[70%] Routing Phase 1 completed
[80%] Routing Phase 2 completed
[90%] Routing Phase 3 completed
Running timing analysis......
[95%] Timing analysis completed
Placement and routing completed
Bitstream generation in progress......
Bitstream generation completed
Running power analysis......
[100%] Power analysis completed
Generate file "D:\shen\3-code\ichip-code\final\Linux_Terminal_Code\impl\pnr\Linux_terminal.power.html" completed
Generate file "D:\shen\3-code\ichip-code\final\Linux_Terminal_Code\impl\pnr\Linux_terminal.pin.html" completed
Generate file "D:\shen\3-code\ichip-code\final\Linux_Terminal_Code\impl\pnr\Linux_terminal.rpt.html" completed
Generate file "D:\shen\3-code\ichip-code\final\Linux_Terminal_Code\impl\pnr\Linux_terminal.rpt.txt" completed
Generate file "D:\shen\3-code\ichip-code\final\Linux_Terminal_Code\impl\pnr\Linux_terminal.tr.html" completed
Wed Nov 26 20:12:44 2025

